<?xml version="1.0" encoding="UTF-8"?>
<!-- Generated by org.testng.reporters.JUnitReportReporter -->
<testsuite hostname="DESKTOP-605C3S8" failures="0" tests="1" name="scripts.ScriptLogin" time="2.424" errors="0" timestamp="2024-06-07T22:25:05 IST" skipped="0">
  <testcase classname="scripts.ScriptLogin" name="login" time="2.424"/>
  <system-out/>
</testsuite> <!-- scripts.ScriptLogin -->
