<?xml version="1.0" encoding="UTF-8"?>
<!-- Generated by org.testng.reporters.JUnitReportReporter -->
<testsuite hostname="DESKTOP-605C3S8" failures="0" tests="1" name="scripts.ScriptRegister" time="36.712" errors="0" timestamp="2024-06-10T20:41:03 IST" skipped="0">
  <testcase classname="scripts.ScriptRegister" name="register" time="36.712"/>
  <system-out>
user clicked on register page  </system-out>
</testsuite> <!-- scripts.ScriptRegister -->
