<?xml version="1.0" encoding="UTF-8"?>
<!-- Generated by org.testng.reporters.JUnitReportReporter -->
<testsuite hostname="DESKTOP-605C3S8" failures="0" tests="1" name="scripts.Script1book" time="15.629" errors="0" timestamp="2024-06-07T22:29:54 IST" skipped="0">
  <testcase classname="scripts.Script1book" name="script1" time="15.629"/>
  <system-out/>
</testsuite> <!-- scripts.Script1book -->
